[15:48:32] [main/INFO]: Setting user: ForgeDevName
[15:48:32] [Client thread/INFO]: LWJGL Version: 2.9.1
[15:48:39] [Client thread/INFO]: Reloading ResourceManager: Default, FMLFileResourcePack:Forge Mod Loader, FMLFileResourcePack:Minecraft Forge, FMLFileResourcePack:Noah Pack
[15:48:40] [Sound Library Loader/INFO]: Sound engine started
[15:48:40] [Client thread/INFO]: Created: 512x256 textures/blocks-atlas
[15:48:41] [Client thread/INFO]: Created: 256x256 textures/items-atlas
[15:48:41] [Client thread/INFO]: Reloading ResourceManager: Default, FMLFileResourcePack:Forge Mod Loader, FMLFileResourcePack:Minecraft Forge, FMLFileResourcePack:Noah Pack
[15:48:41] [Client thread/INFO]: Created: 256x256 textures/items-atlas
[15:48:41] [Client thread/INFO]: Created: 512x256 textures/blocks-atlas
[15:48:42] [Sound Library Loader/INFO]: Sound engine started
[15:49:10] [Server thread/INFO]: Starting integrated minecraft server version 1.7.10
[15:49:10] [Server thread/INFO]: Generating keypair
[15:49:11] [Server thread/INFO]: Preparing start region for level 0
[15:49:12] [Server thread/INFO]: Changing view distance to 12, from 10
[15:49:12] [Server thread/INFO]: ForgeDevName[local:E:96b299ad] logged in with entity id 304 at (-241.21869591275896, 67.0, 182.6679278365678)
[15:49:12] [Server thread/INFO]: ForgeDevName joined the game
[15:50:31] [Server thread/INFO]: Saving and pausing game...
[15:50:31] [Server thread/INFO]: Saving chunks for level 'Playground'/Overworld
[15:50:31] [Server thread/INFO]: Saving chunks for level 'Playground'/Nether
[15:50:31] [Server thread/INFO]: Saving chunks for level 'Playground'/The End
[15:50:32] [Client thread/INFO]: Stopping!
[15:50:32] [Server thread/INFO]: Stopping server
[15:50:32] [Server thread/INFO]: Saving players
[15:50:32] [Server thread/INFO]: Saving worlds
[15:50:32] [Server thread/INFO]: Saving chunks for level 'Playground'/Overworld
[15:50:32] [Server thread/INFO]: Saving chunks for level 'Playground'/Nether
[15:50:32] [Server thread/INFO]: Saving chunks for level 'Playground'/The End
